#! /usr/bin/vvp
:ivl_version "11.0 (stable)";
:ivl_delay_selection "TYPICAL";
:vpi_time_precision + 0;
:vpi_module "/usr/lib/x86_64-linux-gnu/ivl/system.vpi";
:vpi_module "/usr/lib/x86_64-linux-gnu/ivl/vhdl_sys.vpi";
:vpi_module "/usr/lib/x86_64-linux-gnu/ivl/vhdl_textio.vpi";
:vpi_module "/usr/lib/x86_64-linux-gnu/ivl/v2005_math.vpi";
:vpi_module "/usr/lib/x86_64-linux-gnu/ivl/va_math.vpi";
S_0x55addf32ecf0 .scope module, "RISCV_FULL" "RISCV_FULL" 2 1;
 .timescale 0 0;
    .port_info 0 /INPUT 1 "clk1";
    .port_info 1 /INPUT 1 "clk2";
P_0x55addf363700 .param/l "ADD" 0 2 14, C4<000000>;
P_0x55addf363740 .param/l "ADDI" 0 2 16, C4<001010>;
P_0x55addf363780 .param/l "AND" 0 2 14, C4<000010>;
P_0x55addf3637c0 .param/l "BEQZ" 0 2 17, C4<001110>;
P_0x55addf363800 .param/l "BNEQZ" 0 2 17, C4<001101>;
P_0x55addf363840 .param/l "BRANCH" 0 2 19, C4<100>;
P_0x55addf363880 .param/l "HALT" 0 2 19, C4<101>;
P_0x55addf3638c0 .param/l "HLT" 0 2 15, C4<111111>;
P_0x55addf363900 .param/l "LOAD" 0 2 19, C4<010>;
P_0x55addf363940 .param/l "LW" 0 2 15, C4<001000>;
P_0x55addf363980 .param/l "MUL" 0 2 15, C4<000101>;
P_0x55addf3639c0 .param/l "OR" 0 2 14, C4<000011>;
P_0x55addf363a00 .param/l "RM_ALU" 0 2 19, C4<001>;
P_0x55addf363a40 .param/l "RR_ALU" 0 2 19, C4<000>;
P_0x55addf363a80 .param/l "SLT" 0 2 15, C4<000100>;
P_0x55addf363ac0 .param/l "SLTI" 0 2 16, C4<001100>;
P_0x55addf363b00 .param/l "STORE" 0 2 19, C4<011>;
P_0x55addf363b40 .param/l "SUB" 0 2 14, C4<000001>;
P_0x55addf363b80 .param/l "SUBI" 0 2 16, C4<001011>;
P_0x55addf363bc0 .param/l "SW" 0 2 16, C4<001001>;
v0x55addf36b050_0 .var "EX_MEM_ALUout", 31 0;
v0x55addf36bdd0_0 .var "EX_MEM_B", 31 0;
v0x55addf36aed0_0 .var "EX_MEM_IR", 31 0;
v0x55addf36c0d0_0 .var "EX_MEM_cond", 31 0;
v0x55addf36b7d0_0 .var "EX_MEM_type", 31 0;
v0x55addf36b950_0 .var "HALTED", 0 0;
v0x55addf3592b0_0 .var "ID_EX_A", 31 0;
v0x55addf3964f0_0 .var "ID_EX_B", 31 0;
v0x55addf3965d0_0 .var "ID_EX_IR", 31 0;
v0x55addf3966b0_0 .var "ID_EX_Imm", 31 0;
v0x55addf396790_0 .var "ID_EX_NPC", 31 0;
v0x55addf396870_0 .var "ID_EX_type", 31 0;
v0x55addf396950_0 .var "IF_ID_IR", 31 0;
v0x55addf396a30_0 .var "IF_ID_NPC", 31 0;
v0x55addf396b10 .array "Mem", 1023 0, 31 0;
v0x55addf396bd0_0 .var "PC", 31 0;
v0x55addf396cb0 .array "Reg", 0 31, 31 0;
v0x55addf396d70_0 .var "TAKEN_BRANCH", 0 0;
o0x7fb101fad318 .functor BUFZ 1, C4<z>; HiZ drive
v0x55addf396e30_0 .net "clk1", 0 0, o0x7fb101fad318;  0 drivers
o0x7fb101fad348 .functor BUFZ 1, C4<z>; HiZ drive
v0x55addf396ef0_0 .net "clk2", 0 0, o0x7fb101fad348;  0 drivers
E_0x55addf32f4f0 .event posedge, v0x55addf396e30_0;
E_0x55addf3529b0 .event posedge, v0x55addf396ef0_0;
    .scope S_0x55addf32ecf0;
T_0 ;
    %wait E_0x55addf32f4f0;
    %load/vec4 v0x55addf36b950_0;
    %pad/u 32;
    %cmpi/e 0, 0, 32;
    %jmp/0xz  T_0.0, 4;
    %load/vec4 v0x55addf36aed0_0;
    %parti/s 6, 26, 6;
    %pushi/vec4 14, 0, 6;
    %cmp/e;
    %flag_get/vec4 4;
    %load/vec4 v0x55addf36c0d0_0;
    %pushi/vec4 1, 0, 32;
    %cmp/e;
    %flag_get/vec4 4;
    %and;
    %flag_set/vec4 8;
    %load/vec4 v0x55addf36aed0_0;
    %parti/s 6, 26, 6;
    %pushi/vec4 13, 0, 6;
    %cmp/e;
    %flag_get/vec4 4;
    %load/vec4 v0x55addf36c0d0_0;
    %pushi/vec4 0, 0, 32;
    %cmp/e;
    %flag_get/vec4 4;
    %and;
    %flag_set/vec4 9;
    %flag_or 9, 8;
    %jmp/0xz  T_0.2, 9;
    %ix/getv 4, v0x55addf36b050_0;
    %load/vec4a v0x55addf396b10, 4;
    %assign/vec4 v0x55addf396950_0, 2;
    %pushi/vec4 1, 0, 1;
    %assign/vec4 v0x55addf396d70_0, 2;
    %load/vec4 v0x55addf36b050_0;
    %addi 1, 0, 32;
    %assign/vec4 v0x55addf396a30_0, 2;
    %load/vec4 v0x55addf36b050_0;
    %addi 1, 0, 32;
    %assign/vec4 v0x55addf396bd0_0, 2;
    %jmp T_0.3;
T_0.2 ;
    %ix/getv 4, v0x55addf396bd0_0;
    %load/vec4a v0x55addf396b10, 4;
    %assign/vec4 v0x55addf396950_0, 2;
    %load/vec4 v0x55addf396bd0_0;
    %addi 1, 0, 32;
    %assign/vec4 v0x55addf396a30_0, 2;
    %load/vec4 v0x55addf396bd0_0;
    %addi 1, 0, 32;
    %assign/vec4 v0x55addf396bd0_0, 2;
T_0.3 ;
T_0.0 ;
    %jmp T_0;
    .thread T_0;
    .scope S_0x55addf32ecf0;
T_1 ;
    %wait E_0x55addf3529b0;
    %load/vec4 v0x55addf36b950_0;
    %pad/u 32;
    %cmpi/e 0, 0, 32;
    %jmp/0xz  T_1.0, 4;
    %load/vec4 v0x55addf396950_0;
    %parti/s 5, 21, 6;
    %cmpi/e 0, 0, 5;
    %jmp/0xz  T_1.2, 4;
    %pushi/vec4 0, 0, 32;
    %assign/vec4 v0x55addf3592b0_0, 0;
    %jmp T_1.3;
T_1.2 ;
    %load/vec4 v0x55addf396950_0;
    %parti/s 5, 21, 6;
    %pad/u 7;
    %ix/vec4 4;
    %load/vec4a v0x55addf396cb0, 4;
    %assign/vec4 v0x55addf3592b0_0, 2;
T_1.3 ;
    %load/vec4 v0x55addf396950_0;
    %parti/s 5, 16, 6;
    %cmpi/e 0, 0, 5;
    %jmp/0xz  T_1.4, 4;
    %pushi/vec4 0, 0, 32;
    %assign/vec4 v0x55addf3964f0_0, 0;
    %jmp T_1.5;
T_1.4 ;
    %load/vec4 v0x55addf396950_0;
    %parti/s 5, 16, 6;
    %pad/u 7;
    %ix/vec4 4;
    %load/vec4a v0x55addf396cb0, 4;
    %assign/vec4 v0x55addf3964f0_0, 2;
T_1.5 ;
    %load/vec4 v0x55addf396a30_0;
    %assign/vec4 v0x55addf396790_0, 2;
    %load/vec4 v0x55addf396950_0;
    %assign/vec4 v0x55addf3965d0_0, 2;
    %load/vec4 v0x55addf396950_0;
    %parti/s 1, 15, 5;
    %replicate 16;
    %load/vec4 v0x55addf396950_0;
    %parti/s 16, 0, 2;
    %concat/vec4; draw_concat_vec4
    %assign/vec4 v0x55addf3966b0_0, 2;
    %load/vec4 v0x55addf396950_0;
    %parti/s 6, 26, 6;
    %dup/vec4;
    %pushi/vec4 0, 0, 6;
    %cmp/u;
    %jmp/1 T_1.6, 6;
    %dup/vec4;
    %pushi/vec4 1, 0, 6;
    %cmp/u;
    %jmp/1 T_1.7, 6;
    %dup/vec4;
    %pushi/vec4 2, 0, 6;
    %cmp/u;
    %jmp/1 T_1.8, 6;
    %dup/vec4;
    %pushi/vec4 3, 0, 6;
    %cmp/u;
    %jmp/1 T_1.9, 6;
    %dup/vec4;
    %pushi/vec4 4, 0, 6;
    %cmp/u;
    %jmp/1 T_1.10, 6;
    %dup/vec4;
    %pushi/vec4 5, 0, 6;
    %cmp/u;
    %jmp/1 T_1.11, 6;
    %dup/vec4;
    %pushi/vec4 10, 0, 6;
    %cmp/u;
    %jmp/1 T_1.12, 6;
    %dup/vec4;
    %pushi/vec4 11, 0, 6;
    %cmp/u;
    %jmp/1 T_1.13, 6;
    %dup/vec4;
    %pushi/vec4 12, 0, 6;
    %cmp/u;
    %jmp/1 T_1.14, 6;
    %dup/vec4;
    %pushi/vec4 8, 0, 6;
    %cmp/u;
    %jmp/1 T_1.15, 6;
    %dup/vec4;
    %pushi/vec4 9, 0, 6;
    %cmp/u;
    %jmp/1 T_1.16, 6;
    %dup/vec4;
    %pushi/vec4 13, 0, 6;
    %cmp/u;
    %jmp/1 T_1.17, 6;
    %dup/vec4;
    %pushi/vec4 14, 0, 6;
    %cmp/u;
    %jmp/1 T_1.18, 6;
    %dup/vec4;
    %pushi/vec4 63, 0, 6;
    %cmp/u;
    %jmp/1 T_1.19, 6;
    %pushi/vec4 5, 0, 32;
    %assign/vec4 v0x55addf396870_0, 2;
    %jmp T_1.21;
T_1.6 ;
    %pushi/vec4 0, 0, 32;
    %assign/vec4 v0x55addf396870_0, 2;
    %jmp T_1.21;
T_1.7 ;
    %pushi/vec4 0, 0, 32;
    %assign/vec4 v0x55addf396870_0, 2;
    %jmp T_1.21;
T_1.8 ;
    %pushi/vec4 0, 0, 32;
    %assign/vec4 v0x55addf396870_0, 2;
    %jmp T_1.21;
T_1.9 ;
    %pushi/vec4 0, 0, 32;
    %assign/vec4 v0x55addf396870_0, 2;
    %jmp T_1.21;
T_1.10 ;
    %pushi/vec4 0, 0, 32;
    %assign/vec4 v0x55addf396870_0, 2;
    %jmp T_1.21;
T_1.11 ;
    %pushi/vec4 0, 0, 32;
    %assign/vec4 v0x55addf396870_0, 2;
    %jmp T_1.21;
T_1.12 ;
    %pushi/vec4 1, 0, 32;
    %assign/vec4 v0x55addf396870_0, 2;
    %jmp T_1.21;
T_1.13 ;
    %pushi/vec4 1, 0, 32;
    %assign/vec4 v0x55addf396870_0, 2;
    %jmp T_1.21;
T_1.14 ;
    %pushi/vec4 1, 0, 32;
    %assign/vec4 v0x55addf396870_0, 2;
    %jmp T_1.21;
T_1.15 ;
    %pushi/vec4 2, 0, 32;
    %assign/vec4 v0x55addf396870_0, 2;
    %jmp T_1.21;
T_1.16 ;
    %pushi/vec4 3, 0, 32;
    %assign/vec4 v0x55addf396870_0, 2;
    %jmp T_1.21;
T_1.17 ;
    %pushi/vec4 4, 0, 32;
    %assign/vec4 v0x55addf396870_0, 2;
    %jmp T_1.21;
T_1.18 ;
    %pushi/vec4 4, 0, 32;
    %assign/vec4 v0x55addf396870_0, 2;
    %jmp T_1.21;
T_1.19 ;
    %pushi/vec4 5, 0, 32;
    %assign/vec4 v0x55addf396870_0, 2;
    %jmp T_1.21;
T_1.21 ;
    %pop/vec4 1;
T_1.0 ;
    %jmp T_1;
    .thread T_1;
    .scope S_0x55addf32ecf0;
T_2 ;
    %wait E_0x55addf32f4f0;
    %load/vec4 v0x55addf36b950_0;
    %pad/u 32;
    %cmpi/e 0, 0, 32;
    %jmp/0xz  T_2.0, 4;
    %load/vec4 v0x55addf396870_0;
    %assign/vec4 v0x55addf36b7d0_0, 2;
    %load/vec4 v0x55addf3965d0_0;
    %assign/vec4 v0x55addf36aed0_0, 2;
    %pushi/vec4 0, 0, 1;
    %assign/vec4 v0x55addf396d70_0, 2;
    %load/vec4 v0x55addf396870_0;
    %dup/vec4;
    %pushi/vec4 0, 0, 32;
    %cmp/u;
    %jmp/1 T_2.2, 6;
    %dup/vec4;
    %pushi/vec4 1, 0, 32;
    %cmp/u;
    %jmp/1 T_2.3, 6;
    %dup/vec4;
    %pushi/vec4 2, 0, 32;
    %cmp/u;
    %jmp/1 T_2.4, 6;
    %dup/vec4;
    %pushi/vec4 3, 0, 32;
    %cmp/u;
    %jmp/1 T_2.5, 6;
    %dup/vec4;
    %pushi/vec4 4, 0, 32;
    %cmp/u;
    %jmp/1 T_2.6, 6;
    %jmp T_2.7;
T_2.2 ;
    %load/vec4 v0x55addf396870_0;
    %parti/s 6, 26, 6;
    %dup/vec4;
    %pushi/vec4 0, 0, 6;
    %cmp/u;
    %jmp/1 T_2.8, 6;
    %dup/vec4;
    %pushi/vec4 1, 0, 6;
    %cmp/u;
    %jmp/1 T_2.9, 6;
    %dup/vec4;
    %pushi/vec4 2, 0, 6;
    %cmp/u;
    %jmp/1 T_2.10, 6;
    %dup/vec4;
    %pushi/vec4 3, 0, 6;
    %cmp/u;
    %jmp/1 T_2.11, 6;
    %dup/vec4;
    %pushi/vec4 4, 0, 6;
    %cmp/u;
    %jmp/1 T_2.12, 6;
    %dup/vec4;
    %pushi/vec4 5, 0, 6;
    %cmp/u;
    %jmp/1 T_2.13, 6;
    %pushi/vec4 4294967295, 4294967295, 32;
    %assign/vec4 v0x55addf36b050_0, 2;
    %jmp T_2.15;
T_2.8 ;
    %load/vec4 v0x55addf3592b0_0;
    %load/vec4 v0x55addf3964f0_0;
    %add;
    %assign/vec4 v0x55addf36b050_0, 2;
    %jmp T_2.15;
T_2.9 ;
    %load/vec4 v0x55addf3592b0_0;
    %load/vec4 v0x55addf3964f0_0;
    %sub;
    %assign/vec4 v0x55addf36b050_0, 2;
    %jmp T_2.15;
T_2.10 ;
    %load/vec4 v0x55addf3592b0_0;
    %load/vec4 v0x55addf3964f0_0;
    %and;
    %assign/vec4 v0x55addf36b050_0, 2;
    %jmp T_2.15;
T_2.11 ;
    %load/vec4 v0x55addf3592b0_0;
    %load/vec4 v0x55addf3964f0_0;
    %or;
    %assign/vec4 v0x55addf36b050_0, 2;
    %jmp T_2.15;
T_2.12 ;
    %load/vec4 v0x55addf3592b0_0;
    %load/vec4 v0x55addf3964f0_0;
    %cmp/u;
    %flag_get/vec4 5;
    %pad/u 32;
    %assign/vec4 v0x55addf36b050_0, 2;
    %jmp T_2.15;
T_2.13 ;
    %load/vec4 v0x55addf3592b0_0;
    %load/vec4 v0x55addf3964f0_0;
    %mul;
    %assign/vec4 v0x55addf36b050_0, 2;
    %jmp T_2.15;
T_2.15 ;
    %pop/vec4 1;
    %jmp T_2.7;
T_2.3 ;
    %load/vec4 v0x55addf3965d0_0;
    %parti/s 6, 26, 6;
    %dup/vec4;
    %pushi/vec4 10, 0, 6;
    %cmp/u;
    %jmp/1 T_2.16, 6;
    %dup/vec4;
    %pushi/vec4 11, 0, 6;
    %cmp/u;
    %jmp/1 T_2.17, 6;
    %dup/vec4;
    %pushi/vec4 12, 0, 6;
    %cmp/u;
    %jmp/1 T_2.18, 6;
    %pushi/vec4 4294967295, 4294967295, 32;
    %assign/vec4 v0x55addf36b050_0, 2;
    %jmp T_2.20;
T_2.16 ;
    %load/vec4 v0x55addf3592b0_0;
    %load/vec4 v0x55addf3966b0_0;
    %add;
    %assign/vec4 v0x55addf36b050_0, 2;
    %jmp T_2.20;
T_2.17 ;
    %load/vec4 v0x55addf3592b0_0;
    %load/vec4 v0x55addf3966b0_0;
    %sub;
    %assign/vec4 v0x55addf36b050_0, 2;
    %jmp T_2.20;
T_2.18 ;
    %load/vec4 v0x55addf3592b0_0;
    %load/vec4 v0x55addf3966b0_0;
    %cmp/u;
    %flag_get/vec4 5;
    %pad/u 32;
    %assign/vec4 v0x55addf36b050_0, 2;
    %jmp T_2.20;
T_2.20 ;
    %pop/vec4 1;
    %jmp T_2.7;
T_2.4 ;
    %load/vec4 v0x55addf3592b0_0;
    %load/vec4 v0x55addf3966b0_0;
    %add;
    %assign/vec4 v0x55addf36b050_0, 2;
    %load/vec4 v0x55addf3964f0_0;
    %assign/vec4 v0x55addf36bdd0_0, 2;
    %jmp T_2.7;
T_2.5 ;
    %load/vec4 v0x55addf3592b0_0;
    %load/vec4 v0x55addf3966b0_0;
    %add;
    %assign/vec4 v0x55addf36b050_0, 2;
    %load/vec4 v0x55addf3964f0_0;
    %assign/vec4 v0x55addf36bdd0_0, 2;
    %jmp T_2.7;
T_2.6 ;
    %load/vec4 v0x55addf396790_0;
    %load/vec4 v0x55addf3966b0_0;
    %add;
    %assign/vec4 v0x55addf36b050_0, 2;
    %load/vec4 v0x55addf3592b0_0;
    %pushi/vec4 0, 0, 32;
    %cmp/e;
    %flag_get/vec4 4;
    %pad/u 32;
    %assign/vec4 v0x55addf36c0d0_0, 0;
    %jmp T_2.7;
T_2.7 ;
    %pop/vec4 1;
T_2.0 ;
    %jmp T_2;
    .thread T_2;
# The file index is used to find the file name in the following table.
:file_names 3;
    "N/A";
    "<interactive>";
    "RISCV_FULL.v";
