#! /usr/bin/vvp
:ivl_version "11.0 (stable)";
:ivl_delay_selection "TYPICAL";
:vpi_time_precision + 0;
:vpi_module "/usr/lib/x86_64-linux-gnu/ivl/system.vpi";
:vpi_module "/usr/lib/x86_64-linux-gnu/ivl/vhdl_sys.vpi";
:vpi_module "/usr/lib/x86_64-linux-gnu/ivl/vhdl_textio.vpi";
:vpi_module "/usr/lib/x86_64-linux-gnu/ivl/v2005_math.vpi";
:vpi_module "/usr/lib/x86_64-linux-gnu/ivl/va_math.vpi";
S_0x561393014150 .scope module, "IF" "IF" 2 6;
 .timescale 0 0;
    .port_info 0 /INPUT 1 "clk";
    .port_info 1 /INPUT 1 "rst";
    .port_info 2 /INPUT 32 "EX_MEM_ALUout";
    .port_info 3 /INPUT 1 "EX_MEM_Cond";
    .port_info 4 /OUTPUT 33 "NPC";
    .port_info 5 /OUTPUT 33 "IR";
o0x7f3b845eb168 .functor BUFZ 1, C4<z>; HiZ drive
L_0x7f3b845a20f0 .functor BUFT 1, C4<0>, C4<0>, C4<0>, C4<0>;
L_0x561393044f10 .functor XNOR 1, o0x7f3b845eb168, L_0x7f3b845a20f0, C4<0>, C4<0>;
L_0x7f3b845a21c8 .functor BUFT 1, C4<0>, C4<0>, C4<0>, C4<0>;
L_0x561393045370 .functor XNOR 1, o0x7f3b845eb168, L_0x7f3b845a21c8, C4<0>, C4<0>;
o0x7f3b845eb288 .functor BUFZ 32, C4<zzzzzzzzzzzzzzzzzzzzzzzzzzzzzzzz>; HiZ drive
v0x561393033300_0 .net "EX_MEM_ALUout", 31 0, o0x7f3b845eb288;  0 drivers
o0x7f3b845eb2e8 .functor BUFZ 1, C4<z>; HiZ drive
v0x5613930333e0_0 .net "EX_MEM_Cond", 0 0, o0x7f3b845eb2e8;  0 drivers
v0x5613930334b0_0 .net "IF_IR", 31 0, L_0x561393044ce0;  1 drivers
v0x5613930335b0_0 .net "IR", 32 0, L_0x561393045610;  1 drivers
v0x561393033650_0 .var "IR_reg", 31 0;
v0x561393033760_0 .net "NEW_PC", 31 0, v0x561393033010_0;  1 drivers
v0x561393033820_0 .net "NPC", 32 0, L_0x5613930451e0;  1 drivers
v0x561393033900_0 .var "NPC_reg", 31 0;
v0x5613930339e0_0 .net "PC_Next", 31 0, L_0x5613930348e0;  1 drivers
v0x561393033b30_0 .net "PC_Plus4", 31 0, L_0x561393044e70;  1 drivers
L_0x7f3b845a2180 .functor BUFT 1, C4<0>, C4<0>, C4<0>, C4<0>;
v0x561393033c40_0 .net *"_ivl_11", 0 0, L_0x7f3b845a2180;  1 drivers
v0x561393033d20_0 .net/2u *"_ivl_14", 0 0, L_0x7f3b845a21c8;  1 drivers
v0x561393033e00_0 .net *"_ivl_16", 0 0, L_0x561393045370;  1 drivers
L_0x7f3b845a2210 .functor BUFT 1, C4<000000000000000000000000000000000>, C4<0>, C4<0>, C4<0>;
v0x561393033ec0_0 .net/2u *"_ivl_18", 32 0, L_0x7f3b845a2210;  1 drivers
v0x561393033fa0_0 .net/2u *"_ivl_2", 0 0, L_0x7f3b845a20f0;  1 drivers
v0x561393034080_0 .net *"_ivl_20", 32 0, L_0x561393045430;  1 drivers
L_0x7f3b845a2258 .functor BUFT 1, C4<0>, C4<0>, C4<0>, C4<0>;
v0x561393034160_0 .net *"_ivl_23", 0 0, L_0x7f3b845a2258;  1 drivers
v0x561393034350_0 .net *"_ivl_4", 0 0, L_0x561393044f10;  1 drivers
L_0x7f3b845a2138 .functor BUFT 1, C4<000000000000000000000000000000000>, C4<0>, C4<0>, C4<0>;
v0x561393034410_0 .net/2u *"_ivl_6", 32 0, L_0x7f3b845a2138;  1 drivers
v0x5613930344f0_0 .net *"_ivl_8", 32 0, L_0x5613930450f0;  1 drivers
o0x7f3b845eb498 .functor BUFZ 1, C4<z>; HiZ drive
v0x5613930345d0_0 .net "clk", 0 0, o0x7f3b845eb498;  0 drivers
v0x561393034670_0 .net "rst", 0 0, o0x7f3b845eb168;  0 drivers
E_0x561393016cd0/0 .event negedge, v0x561393031f60_0;
E_0x561393016cd0/1 .event posedge, v0x561393033100_0;
E_0x561393016cd0 .event/or E_0x561393016cd0/0, E_0x561393016cd0/1;
L_0x5613930450f0 .concat [ 32 1 0 0], v0x561393033900_0, L_0x7f3b845a2180;
L_0x5613930451e0 .functor MUXZ 33, L_0x5613930450f0, L_0x7f3b845a2138, L_0x561393044f10, C4<>;
L_0x561393045430 .concat [ 32 1 0 0], v0x561393033650_0, L_0x7f3b845a2258;
L_0x561393045610 .functor MUXZ 33, L_0x561393045430, L_0x7f3b845a2210, L_0x561393045370, C4<>;
S_0x561393014380 .scope module, "IMEM" "Instruction_Memory" 2 41, 3 3 0, S_0x561393014150;
 .timescale 0 0;
    .port_info 0 /INPUT 1 "rst";
    .port_info 1 /INPUT 32 "A";
    .port_info 2 /OUTPUT 32 "RD";
L_0x7f3b845a2018 .functor BUFT 1, C4<0>, C4<0>, C4<0>, C4<0>;
L_0x561393034a60 .functor XNOR 1, o0x7f3b845eb168, L_0x7f3b845a2018, C4<0>, C4<0>;
v0x561392fd7cf0_0 .net "A", 31 0, v0x561393033010_0;  alias, 1 drivers
v0x561393031950_0 .net "RD", 31 0, L_0x561393044ce0;  alias, 1 drivers
v0x561393031a30_0 .net/2u *"_ivl_0", 0 0, L_0x7f3b845a2018;  1 drivers
v0x561393031af0_0 .net *"_ivl_2", 0 0, L_0x561393034a60;  1 drivers
L_0x7f3b845a2060 .functor BUFT 1, C4<00000000000000000000000000000000>, C4<0>, C4<0>, C4<0>;
v0x561393031bb0_0 .net/2u *"_ivl_4", 31 0, L_0x7f3b845a2060;  1 drivers
v0x561393031ce0_0 .net *"_ivl_6", 31 0, L_0x561393044b50;  1 drivers
v0x561393031dc0_0 .net *"_ivl_9", 29 0, L_0x561393044bf0;  1 drivers
v0x561393031ea0 .array "mem", 0 1023, 31 0;
v0x561393031f60_0 .net "rst", 0 0, o0x7f3b845eb168;  alias, 0 drivers
L_0x561393044b50 .array/port v0x561393031ea0, L_0x561393044bf0;
L_0x561393044bf0 .part v0x561393033010_0, 2, 30;
L_0x561393044ce0 .functor MUXZ 32, L_0x561393044b50, L_0x7f3b845a2060, L_0x561393034a60, C4<>;
S_0x5613930320a0 .scope module, "PC_Mux" "Mux" 2 25, 4 3 0, S_0x561393014150;
 .timescale 0 0;
    .port_info 0 /INPUT 32 "a";
    .port_info 1 /INPUT 32 "b";
    .port_info 2 /INPUT 1 "s";
    .port_info 3 /OUTPUT 32 "c";
L_0x561393034800 .functor NOT 1, o0x7f3b845eb2e8, C4<0>, C4<0>, C4<0>;
v0x5613930322a0_0 .net *"_ivl_0", 0 0, L_0x561393034800;  1 drivers
v0x561393032380_0 .net "a", 31 0, L_0x561393044e70;  alias, 1 drivers
v0x561393032460_0 .net "b", 31 0, o0x7f3b845eb288;  alias, 0 drivers
v0x561393032520_0 .net "c", 31 0, L_0x5613930348e0;  alias, 1 drivers
v0x561393032600_0 .net "s", 0 0, o0x7f3b845eb2e8;  alias, 0 drivers
L_0x5613930348e0 .functor MUXZ 32, o0x7f3b845eb288, L_0x561393044e70, L_0x561393034800, C4<>;
S_0x561393032790 .scope module, "PC_adder" "PC_Adder" 2 48, 5 1 0, S_0x561393014150;
 .timescale 0 0;
    .port_info 0 /INPUT 32 "a";
    .port_info 1 /INPUT 32 "b";
    .port_info 2 /OUTPUT 32 "c";
v0x5613930329c0_0 .net "a", 31 0, v0x561393033010_0;  alias, 1 drivers
L_0x7f3b845a20a8 .functor BUFT 1, C4<00000000000000000000000000000100>, C4<0>, C4<0>, C4<0>;
v0x561393032aa0_0 .net "b", 31 0, L_0x7f3b845a20a8;  1 drivers
v0x561393032b60_0 .net "c", 31 0, L_0x561393044e70;  alias, 1 drivers
L_0x561393044e70 .arith/sum 32, v0x561393033010_0, L_0x7f3b845a20a8;
S_0x561393032c60 .scope module, "Program_Counter" "PC_Module" 2 33, 6 1 0, S_0x561393014150;
 .timescale 0 0;
    .port_info 0 /INPUT 1 "clk";
    .port_info 1 /INPUT 1 "rst";
    .port_info 2 /INPUT 32 "NPC";
    .port_info 3 /OUTPUT 32 "PC";
v0x561393032f00_0 .net "NPC", 31 0, L_0x5613930348e0;  alias, 1 drivers
v0x561393033010_0 .var "PC", 31 0;
v0x561393033100_0 .net "clk", 0 0, o0x7f3b845eb498;  alias, 0 drivers
v0x5613930331a0_0 .net "rst", 0 0, o0x7f3b845eb168;  alias, 0 drivers
E_0x561392ffbad0 .event posedge, v0x561393033100_0;
    .scope S_0x561393032c60;
T_0 ;
    %wait E_0x561392ffbad0;
    %load/vec4 v0x5613930331a0_0;
    %cmpi/e 0, 0, 1;
    %jmp/0xz  T_0.0, 4;
    %pushi/vec4 0, 0, 32;
    %assign/vec4 v0x561393033010_0, 0;
    %jmp T_0.1;
T_0.0 ;
    %load/vec4 v0x561393032f00_0;
    %assign/vec4 v0x561393033010_0, 0;
T_0.1 ;
    %jmp T_0;
    .thread T_0;
    .scope S_0x561393014380;
T_1 ;
    %pushi/vec4 4291076867, 0, 32;
    %ix/load 4, 0, 0;
    %flag_set/imm 4, 0;
    %store/vec4a v0x561393031ea0, 4, 0;
    %end;
    .thread T_1;
    .scope S_0x561393014150;
T_2 ;
    %wait E_0x561393016cd0;
    %load/vec4 v0x561393034670_0;
    %cmpi/e 0, 0, 1;
    %jmp/0xz  T_2.0, 4;
    %pushi/vec4 0, 0, 32;
    %assign/vec4 v0x561393033900_0, 0;
    %pushi/vec4 0, 0, 32;
    %assign/vec4 v0x561393033650_0, 0;
    %jmp T_2.1;
T_2.0 ;
    %load/vec4 v0x5613930339e0_0;
    %assign/vec4 v0x561393033900_0, 0;
    %load/vec4 v0x5613930334b0_0;
    %assign/vec4 v0x561393033650_0, 0;
T_2.1 ;
    %jmp T_2;
    .thread T_2;
# The file index is used to find the file name in the following table.
:file_names 7;
    "N/A";
    "<interactive>";
    "Fetch_cycle.v";
    "./Instruction_Memory.v";
    "./Mux.v";
    "./PC_Adder.v";
    "./PC.v";
