#! /usr/bin/vvp
:ivl_version "11.0 (stable)";
:ivl_delay_selection "TYPICAL";
:vpi_time_precision + 0;
:vpi_module "/usr/lib/x86_64-linux-gnu/ivl/system.vpi";
:vpi_module "/usr/lib/x86_64-linux-gnu/ivl/vhdl_sys.vpi";
:vpi_module "/usr/lib/x86_64-linux-gnu/ivl/vhdl_textio.vpi";
:vpi_module "/usr/lib/x86_64-linux-gnu/ivl/v2005_math.vpi";
:vpi_module "/usr/lib/x86_64-linux-gnu/ivl/va_math.vpi";
S_0x55a8c654cd90 .scope module, "Instruction_Memory" "Instruction_Memory" 2 3;
 .timescale 0 0;
    .port_info 0 /INPUT 1 "rst";
    .port_info 1 /INPUT 32 "A";
    .port_info 2 /OUTPUT 32 "RD";
o0x7fe21fee8168 .functor BUFZ 1, C4<z>; HiZ drive
L_0x7fe21fe9f018 .functor BUFT 1, C4<0>, C4<0>, C4<0>, C4<0>;
L_0x55a8c6596110 .functor XNOR 1, o0x7fe21fee8168, L_0x7fe21fe9f018, C4<0>, C4<0>;
o0x7fe21fee8018 .functor BUFZ 32, C4<zzzzzzzzzzzzzzzzzzzzzzzzzzzzzzzz>; HiZ drive
v0x55a8c654cf70_0 .net "A", 31 0, o0x7fe21fee8018;  0 drivers
v0x55a8c65959c0_0 .net "RD", 31 0, L_0x55a8c65a63e0;  1 drivers
v0x55a8c6595aa0_0 .net/2u *"_ivl_0", 0 0, L_0x7fe21fe9f018;  1 drivers
v0x55a8c6595b60_0 .net *"_ivl_2", 0 0, L_0x55a8c6596110;  1 drivers
L_0x7fe21fe9f060 .functor BUFT 1, C4<00000000000000000000000000000000>, C4<0>, C4<0>, C4<0>;
v0x55a8c6595c20_0 .net/2u *"_ivl_4", 31 0, L_0x7fe21fe9f060;  1 drivers
v0x55a8c6595d50_0 .net *"_ivl_6", 31 0, L_0x55a8c65a61f0;  1 drivers
v0x55a8c6595e30_0 .net *"_ivl_9", 29 0, L_0x55a8c65a62f0;  1 drivers
v0x55a8c6595f10 .array "mem", 0 1023, 31 0;
v0x55a8c6595fd0_0 .net "rst", 0 0, o0x7fe21fee8168;  0 drivers
L_0x55a8c65a61f0 .array/port v0x55a8c6595f10, L_0x55a8c65a62f0;
L_0x55a8c65a62f0 .part o0x7fe21fee8018, 2, 30;
L_0x55a8c65a63e0 .functor MUXZ 32, L_0x55a8c65a61f0, L_0x7fe21fe9f060, L_0x55a8c6596110, C4<>;
    .scope S_0x55a8c654cd90;
T_0 ;
    %pushi/vec4 4291076867, 0, 32;
    %ix/load 4, 0, 0;
    %flag_set/imm 4, 0;
    %store/vec4a v0x55a8c6595f10, 4, 0;
    %end;
    .thread T_0;
# The file index is used to find the file name in the following table.
:file_names 3;
    "N/A";
    "<interactive>";
    "Instruction_Memory.v";
