#! /usr/bin/vvp
:ivl_version "11.0 (stable)";
:ivl_delay_selection "TYPICAL";
:vpi_time_precision + 0;
:vpi_module "/usr/lib/x86_64-linux-gnu/ivl/system.vpi";
:vpi_module "/usr/lib/x86_64-linux-gnu/ivl/vhdl_sys.vpi";
:vpi_module "/usr/lib/x86_64-linux-gnu/ivl/vhdl_textio.vpi";
:vpi_module "/usr/lib/x86_64-linux-gnu/ivl/v2005_math.vpi";
:vpi_module "/usr/lib/x86_64-linux-gnu/ivl/va_math.vpi";
S_0x5560f043ede0 .scope module, "PC_Module" "PC_Module" 2 1;
 .timescale 0 0;
    .port_info 0 /INPUT 1 "clk";
    .port_info 1 /INPUT 1 "rst";
    .port_info 2 /INPUT 32 "NPC";
    .port_info 3 /OUTPUT 32 "PC";
o0x7fe7ceb3a018 .functor BUFZ 32, C4<zzzzzzzzzzzzzzzzzzzzzzzzzzzzzzzz>; HiZ drive
v0x5560f04407b0_0 .net "NPC", 31 0, o0x7fe7ceb3a018;  0 drivers
v0x5560f0440ba0_0 .var "PC", 31 0;
o0x7fe7ceb3a078 .functor BUFZ 1, C4<z>; HiZ drive
v0x5560f04863a0_0 .net "clk", 0 0, o0x7fe7ceb3a078;  0 drivers
o0x7fe7ceb3a0a8 .functor BUFZ 1, C4<z>; HiZ drive
v0x5560f0486470_0 .net "rst", 0 0, o0x7fe7ceb3a0a8;  0 drivers
E_0x5560f043f580 .event posedge, v0x5560f04863a0_0;
    .scope S_0x5560f043ede0;
T_0 ;
    %wait E_0x5560f043f580;
    %load/vec4 v0x5560f0486470_0;
    %cmpi/e 0, 0, 1;
    %jmp/0xz  T_0.0, 4;
    %pushi/vec4 0, 0, 32;
    %assign/vec4 v0x5560f0440ba0_0, 0;
    %jmp T_0.1;
T_0.0 ;
    %load/vec4 v0x5560f04407b0_0;
    %assign/vec4 v0x5560f0440ba0_0, 0;
T_0.1 ;
    %jmp T_0;
    .thread T_0;
# The file index is used to find the file name in the following table.
:file_names 3;
    "N/A";
    "<interactive>";
    "PC.v";
